{"/Users/zachlewis/mywork/cmswork/nov29/onemac/services/common/changeRequest.js": {"path":"/Users/zachlewis/mywork/cmswork/nov29/onemac/services/common/changeRequest.js","statementMap":{"0":{"start":{"line":3,"column":20},"end":{"line":15,"column":1}},"1":{"start":{"line":17,"column":36},"end":{"line":22,"column":1}},"2":{"start":{"line":24,"column":24},"end":{"line":32,"column":1}},"3":{"start":{"line":25,"column":17},"end":{"line":25,"column":53}},"4":{"start":{"line":28,"column":2},"end":{"line":28,"column":37}},"5":{"start":{"line":28,"column":23},"end":{"line":28,"column":37}},"6":{"start":{"line":30,"column":21},"end":{"line":30,"column":38}},"7":{"start":{"line":31,"column":2},"end":{"line":31,"column":23}},"8":{"start":{"line":34,"column":24},"end":{"line":65,"column":1}},"9":{"start":{"line":35,"column":21},"end":{"line":41,"column":3}},"10":{"start":{"line":42,"column":2},"end":{"line":63,"column":3}},"11":{"start":{"line":44,"column":6},"end":{"line":44,"column":47}},"12":{"start":{"line":47,"column":6},"end":{"line":47,"column":78}},"13":{"start":{"line":47,"column":40},"end":{"line":47,"column":78}},"14":{"start":{"line":50,"column":6},"end":{"line":50,"column":38}},"15":{"start":{"line":51,"column":6},"end":{"line":51,"column":12}},"16":{"start":{"line":56,"column":6},"end":{"line":56,"column":51}},"17":{"start":{"line":57,"column":6},"end":{"line":57,"column":38}},"18":{"start":{"line":61,"column":6},"end":{"line":61,"column":47}},"19":{"start":{"line":62,"column":6},"end":{"line":62,"column":12}},"20":{"start":{"line":64,"column":2},"end":{"line":64,"column":20}},"21":{"start":{"line":68,"column":2},"end":{"line":68,"column":316}},"22":{"start":{"line":70,"column":36},"end":{"line":74,"column":1}},"23":{"start":{"line":76,"column":22},"end":{"line":392,"column":1}}},"fnMap":{"0":{"name":"(anonymous_0)","decl":{"start":{"line":24,"column":24},"end":{"line":24,"column":25}},"loc":{"start":{"line":24,"column":34},"end":{"line":32,"column":1}},"line":24},"1":{"name":"(anonymous_1)","decl":{"start":{"line":34,"column":24},"end":{"line":34,"column":25}},"loc":{"start":{"line":34,"column":42},"end":{"line":65,"column":1}},"line":34}},"branchMap":{"0":{"loc":{"start":{"line":28,"column":2},"end":{"line":28,"column":37}},"type":"if","locations":[{"start":{"line":28,"column":2},"end":{"line":28,"column":37}},{"start":{},"end":{}}],"line":28},"1":{"loc":{"start":{"line":42,"column":2},"end":{"line":63,"column":3}},"type":"switch","locations":[{"start":{"line":43,"column":4},"end":{"line":44,"column":47}},{"start":{"line":46,"column":4},"end":{"line":47,"column":78}},{"start":{"line":49,"column":4},"end":{"line":51,"column":12}},{"start":{"line":52,"column":4},"end":{"line":52,"column":31}},{"start":{"line":53,"column":4},"end":{"line":53,"column":29}},{"start":{"line":54,"column":4},"end":{"line":54,"column":31}},{"start":{"line":55,"column":4},"end":{"line":57,"column":38}},{"start":{"line":59,"column":4},"end":{"line":59,"column":21}},{"start":{"line":60,"column":4},"end":{"line":62,"column":12}}],"line":42},"2":{"loc":{"start":{"line":47,"column":6},"end":{"line":47,"column":78}},"type":"if","locations":[{"start":{"line":47,"column":6},"end":{"line":47,"column":78}},{"start":{},"end":{}}],"line":47}},"s":{"0":2,"1":2,"2":2,"3":0,"4":0,"5":0,"6":0,"7":0,"8":2,"9":8,"10":8,"11":1,"12":2,"13":1,"14":2,"15":2,"16":0,"17":0,"18":1,"19":1,"20":8,"21":2,"22":2,"23":2},"f":{"0":0,"1":8},"b":{"0":[0,0],"1":[1,2,2,0,0,0,0,1,1],"2":[1,1]},"_coverageSchema":"1a1c01bbd47fc00a2c39e90264f33305004495a9","hash":"89a99c4600ddbbe3040c2ee8b3cac37b748ac075"}
,"/Users/zachlewis/mywork/cmswork/nov29/onemac/services/common/index.js": {"path":"/Users/zachlewis/mywork/cmswork/nov29/onemac/services/common/index.js","statementMap":{"0":{"start":{"line":15,"column":29},"end":{"line":46,"column":1}},"1":{"start":{"line":52,"column":48},"end":{"line":57,"column":1}},"2":{"start":{"line":59,"column":37},"end":{"line":63,"column":1}},"3":{"start":{"line":68,"column":25},"end":{"line":75,"column":1}},"4":{"start":{"line":77,"column":21},"end":{"line":77,"column":30}},"5":{"start":{"line":79,"column":35},"end":{"line":85,"column":1}},"6":{"start":{"line":87,"column":26},"end":{"line":104,"column":1}},"7":{"start":{"line":109,"column":27},"end":{"line":114,"column":1}},"8":{"start":{"line":119,"column":26},"end":{"line":126,"column":1}},"9":{"start":{"line":128,"column":25},"end":{"line":133,"column":1}},"10":{"start":{"line":137,"column":4},"end":{"line":137,"column":36}},"11":{"start":{"line":138,"column":4},"end":{"line":138,"column":32}},"12":{"start":{"line":139,"column":4},"end":{"line":139,"column":32}},"13":{"start":{"line":140,"column":4},"end":{"line":140,"column":41}},"14":{"start":{"line":141,"column":4},"end":{"line":141,"column":34}},"15":{"start":{"line":145,"column":21},"end":{"line":145,"column":42}},"16":{"start":{"line":147,"column":4},"end":{"line":148,"column":59}},"17":{"start":{"line":148,"column":6},"end":{"line":148,"column":59}},"18":{"start":{"line":149,"column":4},"end":{"line":164,"column":5}},"19":{"start":{"line":150,"column":6},"end":{"line":163,"column":8}},"20":{"start":{"line":165,"column":4},"end":{"line":165,"column":76}},"21":{"start":{"line":165,"column":38},"end":{"line":165,"column":76}},"22":{"start":{"line":166,"column":4},"end":{"line":166,"column":61}},"23":{"start":{"line":166,"column":31},"end":{"line":166,"column":61}},"24":{"start":{"line":168,"column":4},"end":{"line":168,"column":20}},"25":{"start":{"line":174,"column":4},"end":{"line":174,"column":12}},"26":{"start":{"line":175,"column":4},"end":{"line":175,"column":35}},"27":{"start":{"line":176,"column":4},"end":{"line":176,"column":31}},"28":{"start":{"line":182,"column":4},"end":{"line":182,"column":12}},"29":{"start":{"line":183,"column":4},"end":{"line":183,"column":35}},"30":{"start":{"line":184,"column":4},"end":{"line":184,"column":31}},"31":{"start":{"line":190,"column":4},"end":{"line":190,"column":12}},"32":{"start":{"line":191,"column":4},"end":{"line":191,"column":40}},"33":{"start":{"line":192,"column":4},"end":{"line":192,"column":35}},"34":{"start":{"line":193,"column":4},"end":{"line":193,"column":31}},"35":{"start":{"line":199,"column":4},"end":{"line":199,"column":12}},"36":{"start":{"line":200,"column":4},"end":{"line":200,"column":35}},"37":{"start":{"line":201,"column":4},"end":{"line":201,"column":60}},"38":{"start":{"line":207,"column":4},"end":{"line":207,"column":12}},"39":{"start":{"line":208,"column":4},"end":{"line":208,"column":31}},"40":{"start":{"line":210,"column":4},"end":{"line":214,"column":5}},"41":{"start":{"line":211,"column":6},"end":{"line":211,"column":42}},"42":{"start":{"line":213,"column":6},"end":{"line":213,"column":37}},"43":{"start":{"line":220,"column":4},"end":{"line":220,"column":12}},"44":{"start":{"line":221,"column":4},"end":{"line":221,"column":35}},"45":{"start":{"line":222,"column":4},"end":{"line":222,"column":31}},"46":{"start":{"line":223,"column":4},"end":{"line":223,"column":40}},"47":{"start":{"line":224,"column":4},"end":{"line":224,"column":33}},"48":{"start":{"line":230,"column":4},"end":{"line":230,"column":12}},"49":{"start":{"line":231,"column":4},"end":{"line":231,"column":35}},"50":{"start":{"line":232,"column":4},"end":{"line":232,"column":40}},"51":{"start":{"line":233,"column":4},"end":{"line":233,"column":33}},"52":{"start":{"line":234,"column":4},"end":{"line":234,"column":60}},"53":{"start":{"line":238,"column":24},"end":{"line":238,"column":75}},"54":{"start":{"line":238,"column":62},"end":{"line":238,"column":75}},"55":{"start":{"line":245,"column":34},"end":{"line":261,"column":1}},"56":{"start":{"line":246,"column":2},"end":{"line":246,"column":38}},"57":{"start":{"line":246,"column":26},"end":{"line":246,"column":38}},"58":{"start":{"line":248,"column":2},"end":{"line":260,"column":3}},"59":{"start":{"line":251,"column":23},"end":{"line":251,"column":78}},"60":{"start":{"line":251,"column":58},"end":{"line":251,"column":77}},"61":{"start":{"line":252,"column":6},"end":{"line":252,"column":33}},"62":{"start":{"line":252,"column":21},"end":{"line":252,"column":33}},"63":{"start":{"line":254,"column":6},"end":{"line":254,"column":62}},"64":{"start":{"line":258,"column":6},"end":{"line":258,"column":56}},"65":{"start":{"line":263,"column":30},"end":{"line":287,"column":1}},"66":{"start":{"line":264,"column":18},"end":{"line":271,"column":9}},"67":{"start":{"line":273,"column":2},"end":{"line":275,"column":3}},"68":{"start":{"line":274,"column":4},"end":{"line":274,"column":43}},"69":{"start":{"line":278,"column":2},"end":{"line":284,"column":3}},"70":{"start":{"line":281,"column":6},"end":{"line":281,"column":12}},"71":{"start":{"line":283,"column":6},"end":{"line":283,"column":66}},"72":{"start":{"line":286,"column":2},"end":{"line":286,"column":35}},"73":{"start":{"line":290,"column":29},"end":{"line":527,"column":1}},"74":{"start":{"line":529,"column":28},"end":{"line":532,"column":1}},"75":{"start":{"line":530,"column":30},"end":{"line":530,"column":56}},"76":{"start":{"line":534,"column":33},"end":{"line":534,"column":72}},"77":{"start":{"line":534,"column":61},"end":{"line":534,"column":71}}},"fnMap":{"0":{"name":"(anonymous_0)","decl":{"start":{"line":136,"column":2},"end":{"line":136,"column":3}},"loc":{"start":{"line":136,"column":16},"end":{"line":142,"column":3}},"line":136},"1":{"name":"(anonymous_1)","decl":{"start":{"line":144,"column":2},"end":{"line":144,"column":3}},"loc":{"start":{"line":144,"column":16},"end":{"line":169,"column":3}},"line":144},"2":{"name":"(anonymous_2)","decl":{"start":{"line":173,"column":2},"end":{"line":173,"column":3}},"loc":{"start":{"line":173,"column":16},"end":{"line":177,"column":3}},"line":173},"3":{"name":"(anonymous_3)","decl":{"start":{"line":181,"column":2},"end":{"line":181,"column":3}},"loc":{"start":{"line":181,"column":16},"end":{"line":185,"column":3}},"line":181},"4":{"name":"(anonymous_4)","decl":{"start":{"line":189,"column":2},"end":{"line":189,"column":3}},"loc":{"start":{"line":189,"column":16},"end":{"line":194,"column":3}},"line":189},"5":{"name":"(anonymous_5)","decl":{"start":{"line":198,"column":2},"end":{"line":198,"column":3}},"loc":{"start":{"line":198,"column":26},"end":{"line":202,"column":3}},"line":198},"6":{"name":"(anonymous_6)","decl":{"start":{"line":206,"column":2},"end":{"line":206,"column":3}},"loc":{"start":{"line":206,"column":26},"end":{"line":215,"column":3}},"line":206},"7":{"name":"(anonymous_7)","decl":{"start":{"line":219,"column":2},"end":{"line":219,"column":3}},"loc":{"start":{"line":219,"column":16},"end":{"line":225,"column":3}},"line":219},"8":{"name":"(anonymous_8)","decl":{"start":{"line":229,"column":2},"end":{"line":229,"column":3}},"loc":{"start":{"line":229,"column":26},"end":{"line":235,"column":3}},"line":229},"9":{"name":"(anonymous_9)","decl":{"start":{"line":238,"column":24},"end":{"line":238,"column":25}},"loc":{"start":{"line":238,"column":62},"end":{"line":238,"column":75}},"line":238},"10":{"name":"(anonymous_10)","decl":{"start":{"line":245,"column":34},"end":{"line":245,"column":35}},"loc":{"start":{"line":245,"column":77},"end":{"line":261,"column":1}},"line":245},"11":{"name":"(anonymous_11)","decl":{"start":{"line":251,"column":39},"end":{"line":251,"column":40}},"loc":{"start":{"line":251,"column":58},"end":{"line":251,"column":77}},"line":251},"12":{"name":"(anonymous_12)","decl":{"start":{"line":263,"column":30},"end":{"line":263,"column":31}},"loc":{"start":{"line":263,"column":72},"end":{"line":287,"column":1}},"line":263},"13":{"name":"(anonymous_13)","decl":{"start":{"line":530,"column":2},"end":{"line":530,"column":3}},"loc":{"start":{"line":530,"column":30},"end":{"line":530,"column":56}},"line":530},"14":{"name":"(anonymous_14)","decl":{"start":{"line":534,"column":51},"end":{"line":534,"column":52}},"loc":{"start":{"line":534,"column":61},"end":{"line":534,"column":71}},"line":534}},"branchMap":{"0":{"loc":{"start":{"line":147,"column":4},"end":{"line":148,"column":59}},"type":"if","locations":[{"start":{"line":147,"column":4},"end":{"line":148,"column":59}},{"start":{},"end":{}}],"line":147},"1":{"loc":{"start":{"line":149,"column":4},"end":{"line":164,"column":5}},"type":"if","locations":[{"start":{"line":149,"column":4},"end":{"line":164,"column":5}},{"start":{},"end":{}}],"line":149},"2":{"loc":{"start":{"line":165,"column":4},"end":{"line":165,"column":76}},"type":"if","locations":[{"start":{"line":165,"column":4},"end":{"line":165,"column":76}},{"start":{},"end":{}}],"line":165},"3":{"loc":{"start":{"line":166,"column":4},"end":{"line":166,"column":61}},"type":"if","locations":[{"start":{"line":166,"column":4},"end":{"line":166,"column":61}},{"start":{},"end":{}}],"line":166},"4":{"loc":{"start":{"line":210,"column":4},"end":{"line":214,"column":5}},"type":"if","locations":[{"start":{"line":210,"column":4},"end":{"line":214,"column":5}},{"start":{"line":212,"column":11},"end":{"line":214,"column":5}}],"line":210},"5":{"loc":{"start":{"line":245,"column":43},"end":{"line":245,"column":58}},"type":"default-arg","locations":[{"start":{"line":245,"column":56},"end":{"line":245,"column":58}}],"line":245},"6":{"loc":{"start":{"line":245,"column":62},"end":{"line":245,"column":72}},"type":"default-arg","locations":[{"start":{"line":245,"column":70},"end":{"line":245,"column":72}}],"line":245},"7":{"loc":{"start":{"line":246,"column":2},"end":{"line":246,"column":38}},"type":"if","locations":[{"start":{"line":246,"column":2},"end":{"line":246,"column":38}},{"start":{},"end":{}}],"line":246},"8":{"loc":{"start":{"line":248,"column":2},"end":{"line":260,"column":3}},"type":"switch","locations":[{"start":{"line":249,"column":4},"end":{"line":249,"column":31}},{"start":{"line":250,"column":4},"end":{"line":255,"column":5}},{"start":{"line":257,"column":4},"end":{"line":259,"column":5}}],"line":248},"9":{"loc":{"start":{"line":252,"column":6},"end":{"line":252,"column":33}},"type":"if","locations":[{"start":{"line":252,"column":6},"end":{"line":252,"column":33}},{"start":{},"end":{}}],"line":252},"10":{"loc":{"start":{"line":263,"column":37},"end":{"line":263,"column":50}},"type":"default-arg","locations":[{"start":{"line":263,"column":45},"end":{"line":263,"column":50}}],"line":263},"11":{"loc":{"start":{"line":263,"column":52},"end":{"line":263,"column":67}},"type":"default-arg","locations":[{"start":{"line":263,"column":65},"end":{"line":263,"column":67}}],"line":263},"12":{"loc":{"start":{"line":273,"column":2},"end":{"line":275,"column":3}},"type":"if","locations":[{"start":{"line":273,"column":2},"end":{"line":275,"column":3}},{"start":{},"end":{}}],"line":273},"13":{"loc":{"start":{"line":274,"column":16},"end":{"line":274,"column":42}},"type":"cond-expr","locations":[{"start":{"line":274,"column":24},"end":{"line":274,"column":35}},{"start":{"line":274,"column":38},"end":{"line":274,"column":42}}],"line":274},"14":{"loc":{"start":{"line":278,"column":2},"end":{"line":284,"column":3}},"type":"switch","locations":[{"start":{"line":279,"column":4},"end":{"line":279,"column":24}},{"start":{"line":280,"column":4},"end":{"line":281,"column":12}},{"start":{"line":282,"column":4},"end":{"line":283,"column":66}}],"line":278}},"s":{"0":1,"1":1,"2":1,"3":1,"4":1,"5":1,"6":1,"7":1,"8":1,"9":1,"10":7,"11":7,"12":7,"13":7,"14":7,"15":4,"16":4,"17":0,"18":4,"19":0,"20":4,"21":0,"22":4,"23":0,"24":4,"25":0,"26":0,"27":0,"28":1,"29":1,"30":1,"31":1,"32":1,"33":1,"34":1,"35":1,"36":1,"37":1,"38":1,"39":1,"40":1,"41":0,"42":1,"43":0,"44":0,"45":0,"46":0,"47":0,"48":1,"49":1,"50":1,"51":1,"52":1,"53":1,"54":15,"55":1,"56":11,"57":4,"58":7,"59":4,"60":6,"61":4,"62":0,"63":4,"64":3,"65":1,"66":6,"67":6,"68":1,"69":6,"70":2,"71":4,"72":6,"73":1,"74":1,"75":59,"76":1,"77":59},"f":{"0":7,"1":4,"2":0,"3":1,"4":1,"5":1,"6":1,"7":0,"8":1,"9":15,"10":11,"11":6,"12":6,"13":59,"14":59},"b":{"0":[0,4],"1":[0,4],"2":[0,4],"3":[0,4],"4":[0,1],"5":[0],"6":[7],"7":[4,7],"8":[2,4,3],"9":[0,4],"10":[0],"11":[0],"12":[1,5],"13":[0,1],"14":[1,2,4]},"_coverageSchema":"1a1c01bbd47fc00a2c39e90264f33305004495a9","hash":"34824b8d2c3123f3efb8cc96c2e89314a1efd6fa"}
,"/Users/zachlewis/mywork/cmswork/nov29/onemac/services/common/routes.js": {"path":"/Users/zachlewis/mywork/cmswork/nov29/onemac/services/common/routes.js","statementMap":{"0":{"start":{"line":5,"column":22},"end":{"line":33,"column":1}}},"fnMap":{},"branchMap":{},"s":{"0":2},"f":{},"b":{},"_coverageSchema":"1a1c01bbd47fc00a2c39e90264f33305004495a9","hash":"d30492183fb843a522980b02339809736f0ccff0"}
}
