{"/Users/zrizer/Fearless/onemac/services/common/idValidation.js": {"path":"/Users/zrizer/Fearless/onemac/services/common/idValidation.js","statementMap":{"0":{"start":{"line":3,"column":31},"end":{"line":13,"column":1}},"1":{"start":{"line":4,"column":19},"end":{"line":4,"column":55}},"2":{"start":{"line":6,"column":2},"end":{"line":6,"column":25}},"3":{"start":{"line":6,"column":13},"end":{"line":6,"column":25}},"4":{"start":{"line":9,"column":23},"end":{"line":9,"column":45}},"5":{"start":{"line":11,"column":22},"end":{"line":11,"column":49}},"6":{"start":{"line":12,"column":2},"end":{"line":12,"column":39}},"7":{"start":{"line":15,"column":34},"end":{"line":35,"column":1}},"8":{"start":{"line":20,"column":2},"end":{"line":20,"column":25}},"9":{"start":{"line":20,"column":13},"end":{"line":20,"column":25}},"10":{"start":{"line":23,"column":23},"end":{"line":23,"column":48}},"11":{"start":{"line":25,"column":22},"end":{"line":25,"column":90}},"12":{"start":{"line":27,"column":18},"end":{"line":27,"column":48}},"13":{"start":{"line":28,"column":2},"end":{"line":28,"column":28}},"14":{"start":{"line":28,"column":16},"end":{"line":28,"column":28}},"15":{"start":{"line":30,"column":54},"end":{"line":30,"column":61}},"16":{"start":{"line":32,"column":17},"end":{"line":32,"column":46}},"17":{"start":{"line":34,"column":2},"end":{"line":34,"column":48}},"18":{"start":{"line":37,"column":31},"end":{"line":46,"column":1}},"19":{"start":{"line":38,"column":18},"end":{"line":38,"column":42}},"20":{"start":{"line":39,"column":2},"end":{"line":40,"column":51}},"21":{"start":{"line":40,"column":4},"end":{"line":40,"column":51}},"22":{"start":{"line":41,"column":30},"end":{"line":41,"column":37}},"23":{"start":{"line":43,"column":2},"end":{"line":43,"column":80}},"24":{"start":{"line":43,"column":24},"end":{"line":43,"column":80}},"25":{"start":{"line":44,"column":24},"end":{"line":44,"column":55}},"26":{"start":{"line":45,"column":2},"end":{"line":45,"column":53}},"27":{"start":{"line":48,"column":39},"end":{"line":58,"column":1}},"28":{"start":{"line":49,"column":18},"end":{"line":49,"column":42}},"29":{"start":{"line":50,"column":2},"end":{"line":50,"column":50}},"30":{"start":{"line":50,"column":16},"end":{"line":50,"column":50}},"31":{"start":{"line":51,"column":41},"end":{"line":51,"column":48}},"32":{"start":{"line":53,"column":2},"end":{"line":55,"column":3}},"33":{"start":{"line":54,"column":4},"end":{"line":54,"column":76}},"34":{"start":{"line":56,"column":2},"end":{"line":56,"column":58}},"35":{"start":{"line":56,"column":24},"end":{"line":56,"column":58}},"36":{"start":{"line":57,"column":2},"end":{"line":57,"column":36}}},"fnMap":{"0":{"name":"(anonymous_0)","decl":{"start":{"line":3,"column":31},"end":{"line":3,"column":32}},"loc":{"start":{"line":3,"column":41},"end":{"line":13,"column":1}},"line":3},"1":{"name":"(anonymous_1)","decl":{"start":{"line":15,"column":34},"end":{"line":15,"column":35}},"loc":{"start":{"line":15,"column":44},"end":{"line":35,"column":1}},"line":15},"2":{"name":"(anonymous_2)","decl":{"start":{"line":37,"column":31},"end":{"line":37,"column":32}},"loc":{"start":{"line":37,"column":41},"end":{"line":46,"column":1}},"line":37},"3":{"name":"(anonymous_3)","decl":{"start":{"line":48,"column":39},"end":{"line":48,"column":40}},"loc":{"start":{"line":48,"column":49},"end":{"line":58,"column":1}},"line":48}},"branchMap":{"0":{"loc":{"start":{"line":6,"column":2},"end":{"line":6,"column":25}},"type":"if","locations":[{"start":{"line":6,"column":2},"end":{"line":6,"column":25}},{"start":{},"end":{}}],"line":6},"1":{"loc":{"start":{"line":12,"column":9},"end":{"line":12,"column":38}},"type":"binary-expr","locations":[{"start":{"line":12,"column":9},"end":{"line":12,"column":20}},{"start":{"line":12,"column":24},"end":{"line":12,"column":38}}],"line":12},"2":{"loc":{"start":{"line":20,"column":2},"end":{"line":20,"column":25}},"type":"if","locations":[{"start":{"line":20,"column":2},"end":{"line":20,"column":25}},{"start":{},"end":{}}],"line":20},"3":{"loc":{"start":{"line":28,"column":2},"end":{"line":28,"column":28}},"type":"if","locations":[{"start":{"line":28,"column":2},"end":{"line":28,"column":28}},{"start":{},"end":{}}],"line":28},"4":{"loc":{"start":{"line":39,"column":2},"end":{"line":40,"column":51}},"type":"if","locations":[{"start":{"line":39,"column":2},"end":{"line":40,"column":51}},{"start":{},"end":{}}],"line":39},"5":{"loc":{"start":{"line":39,"column":8},"end":{"line":39,"column":52}},"type":"binary-expr","locations":[{"start":{"line":39,"column":8},"end":{"line":39,"column":15}},{"start":{"line":39,"column":19},"end":{"line":39,"column":33}},{"start":{"line":39,"column":37},"end":{"line":39,"column":52}}],"line":39},"6":{"loc":{"start":{"line":43,"column":2},"end":{"line":43,"column":80}},"type":"if","locations":[{"start":{"line":43,"column":2},"end":{"line":43,"column":80}},{"start":{},"end":{}}],"line":43},"7":{"loc":{"start":{"line":50,"column":2},"end":{"line":50,"column":50}},"type":"if","locations":[{"start":{"line":50,"column":2},"end":{"line":50,"column":50}},{"start":{},"end":{}}],"line":50},"8":{"loc":{"start":{"line":53,"column":2},"end":{"line":55,"column":3}},"type":"if","locations":[{"start":{"line":53,"column":2},"end":{"line":55,"column":3}},{"start":{},"end":{}}],"line":53},"9":{"loc":{"start":{"line":53,"column":6},"end":{"line":53,"column":37}},"type":"binary-expr","locations":[{"start":{"line":53,"column":6},"end":{"line":53,"column":15}},{"start":{"line":53,"column":19},"end":{"line":53,"column":37}}],"line":53},"10":{"loc":{"start":{"line":54,"column":11},"end":{"line":54,"column":75}},"type":"cond-expr","locations":[{"start":{"line":54,"column":20},"end":{"line":54,"column":44}},{"start":{"line":54,"column":47},"end":{"line":54,"column":75}}],"line":54},"11":{"loc":{"start":{"line":56,"column":2},"end":{"line":56,"column":58}},"type":"if","locations":[{"start":{"line":56,"column":2},"end":{"line":56,"column":58}},{"start":{},"end":{}}],"line":56}},"s":{"0":1,"1":8,"2":8,"3":1,"4":7,"5":7,"6":7,"7":1,"8":17,"9":1,"10":16,"11":16,"12":16,"13":16,"14":0,"15":16,"16":16,"17":16,"18":1,"19":3,"20":3,"21":0,"22":3,"23":3,"24":1,"25":2,"26":2,"27":1,"28":6,"29":6,"30":0,"31":6,"32":6,"33":4,"34":2,"35":1,"36":1},"f":{"0":8,"1":17,"2":3,"3":6},"b":{"0":[1,7],"1":[7,7],"2":[1,16],"3":[0,16],"4":[0,3],"5":[3,3,3],"6":[1,2],"7":[0,6],"8":[4,2],"9":[6,6],"10":[2,2],"11":[1,1]},"_coverageSchema":"1a1c01bbd47fc00a2c39e90264f33305004495a9","hash":"e032a332d7a1d09caea5a0a7cf89964ed993eb58"}
,"/Users/zrizer/Fearless/onemac/services/common/workflow.js": {"path":"/Users/zrizer/Fearless/onemac/services/common/workflow.js","statementMap":{"0":{"start":{"line":1,"column":27},"end":{"line":13,"column":1}},"1":{"start":{"line":15,"column":28},"end":{"line":24,"column":1}},"2":{"start":{"line":26,"column":29},"end":{"line":37,"column":1}},"3":{"start":{"line":39,"column":30},"end":{"line":43,"column":1}},"4":{"start":{"line":45,"column":29},"end":{"line":48,"column":1}},"5":{"start":{"line":50,"column":38},"end":{"line":62,"column":1}},"6":{"start":{"line":64,"column":44},"end":{"line":67,"column":1}},"7":{"start":{"line":69,"column":46},"end":{"line":73,"column":1}},"8":{"start":{"line":75,"column":34},"end":{"line":80,"column":1}},"9":{"start":{"line":82,"column":23},"end":{"line":94,"column":1}},"10":{"start":{"line":96,"column":43},"end":{"line":99,"column":1}},"11":{"start":{"line":101,"column":33},"end":{"line":105,"column":1}},"12":{"start":{"line":107,"column":30},"end":{"line":123,"column":1}},"13":{"start":{"line":108,"column":2},"end":{"line":122,"column":3}},"14":{"start":{"line":110,"column":6},"end":{"line":110,"column":45}},"15":{"start":{"line":115,"column":6},"end":{"line":115,"column":34}},"16":{"start":{"line":119,"column":6},"end":{"line":119,"column":39}},"17":{"start":{"line":121,"column":6},"end":{"line":121,"column":31}}},"fnMap":{"0":{"name":"(anonymous_0)","decl":{"start":{"line":107,"column":30},"end":{"line":107,"column":31}},"loc":{"start":{"line":107,"column":68},"end":{"line":123,"column":1}},"line":107}},"branchMap":{"0":{"loc":{"start":{"line":108,"column":2},"end":{"line":122,"column":3}},"type":"switch","locations":[{"start":{"line":109,"column":4},"end":{"line":110,"column":45}},{"start":{"line":111,"column":4},"end":{"line":111,"column":32}},{"start":{"line":112,"column":4},"end":{"line":112,"column":35}},{"start":{"line":113,"column":4},"end":{"line":113,"column":34}},{"start":{"line":114,"column":4},"end":{"line":115,"column":34}},{"start":{"line":116,"column":4},"end":{"line":116,"column":33}},{"start":{"line":117,"column":4},"end":{"line":117,"column":35}},{"start":{"line":118,"column":4},"end":{"line":119,"column":39}},{"start":{"line":120,"column":4},"end":{"line":121,"column":31}}],"line":108}},"s":{"0":2,"1":2,"2":2,"3":2,"4":2,"5":2,"6":2,"7":2,"8":2,"9":2,"10":2,"11":2,"12":2,"13":5,"14":1,"15":1,"16":1,"17":2},"f":{"0":5},"b":{"0":[1,1,1,1,1,0,0,1,2]},"_coverageSchema":"1a1c01bbd47fc00a2c39e90264f33305004495a9","hash":"f3522abeed11505bf1fae65c1a65e4d6fa513ee3"}
}
