TN:
SF:services/common/idValidation.js
FN:3,(anonymous_0)
FN:15,(anonymous_1)
FN:37,(anonymous_2)
FN:48,(anonymous_3)
FNF:4
FNH:4
FNDA:8,(anonymous_0)
FNDA:17,(anonymous_1)
FNDA:3,(anonymous_2)
FNDA:6,(anonymous_3)
DA:3,1
DA:4,8
DA:6,8
DA:9,7
DA:11,7
DA:12,7
DA:15,1
DA:20,17
DA:23,16
DA:25,16
DA:27,16
DA:28,16
DA:30,16
DA:32,16
DA:34,16
DA:37,1
DA:38,3
DA:39,3
DA:40,0
DA:41,3
DA:43,3
DA:44,2
DA:45,2
DA:48,1
DA:49,6
DA:50,6
DA:51,6
DA:53,6
DA:54,4
DA:56,2
DA:57,1
LF:31
LH:30
BRDA:6,0,0,1
BRDA:6,0,1,7
BRDA:12,1,0,7
BRDA:12,1,1,7
BRDA:20,2,0,1
BRDA:20,2,1,16
BRDA:28,3,0,0
BRDA:28,3,1,16
BRDA:39,4,0,0
BRDA:39,4,1,3
BRDA:39,5,0,3
BRDA:39,5,1,3
BRDA:39,5,2,3
BRDA:43,6,0,1
BRDA:43,6,1,2
BRDA:50,7,0,0
BRDA:50,7,1,6
BRDA:53,8,0,4
BRDA:53,8,1,2
BRDA:53,9,0,6
BRDA:53,9,1,6
BRDA:54,10,0,2
BRDA:54,10,1,2
BRDA:56,11,0,1
BRDA:56,11,1,1
BRF:25
BRH:22
end_of_record
TN:
SF:services/common/workflow.js
FN:107,(anonymous_0)
FNF:1
FNH:1
FNDA:5,(anonymous_0)
DA:1,2
DA:15,2
DA:26,2
DA:39,2
DA:45,2
DA:50,2
DA:64,2
DA:69,2
DA:75,2
DA:82,2
DA:96,2
DA:101,2
DA:107,2
DA:108,5
DA:110,1
DA:115,1
DA:119,1
DA:121,2
LF:18
LH:18
BRDA:108,0,0,1
BRDA:108,0,1,1
BRDA:108,0,2,1
BRDA:108,0,3,1
BRDA:108,0,4,1
BRDA:108,0,5,0
BRDA:108,0,6,0
BRDA:108,0,7,1
BRDA:108,0,8,2
BRF:9
BRH:7
end_of_record
