TN:
SF:services/common/changeRequest.js
FN:24,(anonymous_0)
FN:34,(anonymous_1)
FNF:2
FNH:0
FNDA:0,(anonymous_0)
FNDA:0,(anonymous_1)
DA:3,1
DA:17,1
DA:24,1
DA:25,0
DA:28,0
DA:30,0
DA:31,0
DA:34,1
DA:35,0
DA:42,0
DA:44,0
DA:47,0
DA:50,0
DA:51,0
DA:56,0
DA:57,0
DA:61,0
DA:62,0
DA:64,0
DA:68,1
DA:70,1
DA:76,1
LF:22
LH:7
BRDA:28,0,0,0
BRDA:28,0,1,0
BRDA:42,1,0,0
BRDA:42,1,1,0
BRDA:42,1,2,0
BRDA:42,1,3,0
BRDA:42,1,4,0
BRDA:42,1,5,0
BRDA:42,1,6,0
BRDA:42,1,7,0
BRDA:42,1,8,0
BRDA:47,2,0,0
BRDA:47,2,1,0
BRF:13
BRH:0
end_of_record
TN:
SF:services/common/index.js
FN:136,(anonymous_0)
FN:144,(anonymous_1)
FN:173,(anonymous_2)
FN:181,(anonymous_3)
FN:189,(anonymous_4)
FN:198,(anonymous_5)
FN:206,(anonymous_6)
FN:219,(anonymous_7)
FN:229,(anonymous_8)
FN:238,(anonymous_9)
FN:245,(anonymous_10)
FN:251,(anonymous_11)
FN:263,(anonymous_12)
FN:530,(anonymous_13)
FN:534,(anonymous_14)
FNF:15
FNH:13
FNDA:7,(anonymous_0)
FNDA:4,(anonymous_1)
FNDA:0,(anonymous_2)
FNDA:1,(anonymous_3)
FNDA:1,(anonymous_4)
FNDA:1,(anonymous_5)
FNDA:1,(anonymous_6)
FNDA:0,(anonymous_7)
FNDA:1,(anonymous_8)
FNDA:15,(anonymous_9)
FNDA:11,(anonymous_10)
FNDA:6,(anonymous_11)
FNDA:6,(anonymous_12)
FNDA:59,(anonymous_13)
FNDA:59,(anonymous_14)
DA:15,1
DA:52,1
DA:59,1
DA:68,1
DA:77,1
DA:79,1
DA:87,1
DA:109,1
DA:119,1
DA:128,1
DA:137,7
DA:138,7
DA:139,7
DA:140,7
DA:141,7
DA:145,4
DA:147,4
DA:148,0
DA:149,4
DA:150,0
DA:165,4
DA:166,4
DA:168,4
DA:174,0
DA:175,0
DA:176,0
DA:182,1
DA:183,1
DA:184,1
DA:190,1
DA:191,1
DA:192,1
DA:193,1
DA:199,1
DA:200,1
DA:201,1
DA:207,1
DA:208,1
DA:210,1
DA:211,0
DA:213,1
DA:220,0
DA:221,0
DA:222,0
DA:223,0
DA:224,0
DA:230,1
DA:231,1
DA:232,1
DA:233,1
DA:234,1
DA:238,15
DA:245,1
DA:246,11
DA:248,7
DA:251,6
DA:252,4
DA:254,4
DA:258,3
DA:263,1
DA:264,6
DA:273,6
DA:274,1
DA:278,6
DA:281,2
DA:283,4
DA:286,6
DA:290,1
DA:529,1
DA:530,59
DA:534,59
LF:71
LH:60
BRDA:147,0,0,0
BRDA:147,0,1,4
BRDA:149,1,0,0
BRDA:149,1,1,4
BRDA:165,2,0,0
BRDA:165,2,1,4
BRDA:166,3,0,0
BRDA:166,3,1,4
BRDA:210,4,0,0
BRDA:210,4,1,1
BRDA:245,5,0,0
BRDA:245,6,0,7
BRDA:246,7,0,4
BRDA:246,7,1,7
BRDA:248,8,0,2
BRDA:248,8,1,4
BRDA:248,8,2,3
BRDA:252,9,0,0
BRDA:252,9,1,4
BRDA:263,10,0,0
BRDA:263,11,0,0
BRDA:273,12,0,1
BRDA:273,12,1,5
BRDA:274,13,0,0
BRDA:274,13,1,1
BRDA:278,14,0,1
BRDA:278,14,1,2
BRDA:278,14,2,4
BRF:28
BRH:18
end_of_record
TN:
SF:services/common/routes.js
FNF:0
FNH:0
DA:5,1
LF:1
LH:1
BRF:0
BRH:0
end_of_record
